<?xml version="1.0" encoding="UTF-8"?>
<!-- Generated by org.testng.reporters.JUnitReportReporter -->
<testsuite hostname="DESKTOP-FJGHUJB" failures="0" tests="1" name="Practice.GetRequest" time="4.275" errors="0" timestamp="2023-01-17T18:28:22 IST" skipped="0">
  <testcase classname="Practice.GetRequest" name="get" time="4.275"/>
  <system-out/>
</testsuite> <!-- Practice.GetRequest -->
