<?xml version="1.0" encoding="UTF-8"?>
<!-- Generated by org.testng.reporters.JUnitReportReporter -->
<testsuite hostname="DESKTOP-FJGHUJB" failures="0" tests="1" name="APIRequest.FibnocciSeries" time="0.014" errors="0" timestamp="2023-01-23T13:30:28 IST" skipped="0">
  <testcase classname="APIRequest.FibnocciSeries" name="PallindromeNum" time="0.014"/>
  <system-out/>
</testsuite> <!-- APIRequest.FibnocciSeries -->
