<?xml version="1.0" encoding="UTF-8"?>
<!-- Generated by org.testng.reporters.JUnitReportReporter -->
<testsuite hostname="DESKTOP-FJGHUJB" failures="0" tests="1" name="APIRequest.ReverseString" time="0.013" errors="0" timestamp="2023-01-18T19:51:40 IST" skipped="0">
  <testcase classname="APIRequest.ReverseString" name="reverse" time="0.013"/>
  <system-out/>
</testsuite> <!-- APIRequest.ReverseString -->
