<?xml version="1.0" encoding="UTF-8"?>
<!-- Generated by org.testng.reporters.JUnitReportReporter -->
<testsuite hostname="DESKTOP-FJGHUJB" failures="0" tests="1" name="Practice.postRequest" time="4.731" errors="0" timestamp="2023-01-18T12:59:10 IST" skipped="0">
  <testcase classname="Practice.postRequest" name="PostRq" time="4.731"/>
  <system-out/>
</testsuite> <!-- Practice.postRequest -->
